[2020-01-31 20:35:48.073] [exthost] [info] extension host started
[2020-01-31 20:35:48.110] [exthost] [info] ExtensionService#_doActivateExtension James-Yu.latex-workshop {"startup":false,"extensionId":{"value":"James-Yu.latex-workshop","_lower":"james-yu.latex-workshop"},"activationEvent":"onLanguage:latex"}
[2020-01-31 20:35:48.111] [exthost] [info] ExtensionService#loadCommonJSModule file:///home/kj/.vscode-oss/extensions/james-yu.latex-workshop-8.7.1/out/src/main.js
[2020-01-31 20:35:48.292] [exthost] [info] ExtensionService#_doActivateExtension vscode.debug-auto-launch {"startup":true,"extensionId":{"value":"vscode.debug-auto-launch","_lower":"vscode.debug-auto-launch"},"activationEvent":"*"}
[2020-01-31 20:35:48.292] [exthost] [info] ExtensionService#loadCommonJSModule file:///usr/share/vscodium-bin/resources/app/extensions/debug-auto-launch/dist/extension
[2020-01-31 20:35:48.294] [exthost] [info] ExtensionService#_doActivateExtension vscode.emmet {"startup":true,"extensionId":{"value":"vscode.emmet","_lower":"vscode.emmet"},"activationEvent":"*"}
[2020-01-31 20:35:48.294] [exthost] [info] ExtensionService#loadCommonJSModule file:///usr/share/vscodium-bin/resources/app/extensions/emmet/dist/extension
[2020-01-31 20:35:48.302] [exthost] [info] ExtensionService#_doActivateExtension vscode.git {"startup":true,"extensionId":{"value":"vscode.git","_lower":"vscode.git"},"activationEvent":"*"}
[2020-01-31 20:35:48.302] [exthost] [info] ExtensionService#loadCommonJSModule file:///usr/share/vscodium-bin/resources/app/extensions/git/dist/main
[2020-01-31 20:35:48.316] [exthost] [info] ExtensionService#_doActivateExtension vscode.merge-conflict {"startup":true,"extensionId":{"value":"vscode.merge-conflict","_lower":"vscode.merge-conflict"},"activationEvent":"*"}
[2020-01-31 20:35:48.316] [exthost] [info] ExtensionService#loadCommonJSModule file:///usr/share/vscodium-bin/resources/app/extensions/merge-conflict/dist/extension
[2020-01-31 20:35:48.317] [exthost] [info] ExtensionService#_doActivateExtension vscode.search-result {"startup":true,"extensionId":{"value":"vscode.search-result","_lower":"vscode.search-result"},"activationEvent":"*"}
[2020-01-31 20:35:48.317] [exthost] [info] ExtensionService#loadCommonJSModule file:///usr/share/vscodium-bin/resources/app/extensions/search-result/dist/extension.js
[2020-01-31 20:35:48.324] [exthost] [info] ExtensionService#_doActivateExtension HookyQR.beautify {"startup":true,"extensionId":{"value":"HookyQR.beautify","_lower":"hookyqr.beautify"},"activationEvent":"*"}
[2020-01-31 20:35:48.324] [exthost] [info] ExtensionService#loadCommonJSModule file:///home/kj/.vscode-oss/extensions/hookyqr.beautify-1.5.0/extension
[2020-01-31 20:35:48.345] [exthost] [info] ExtensionService#_doActivateExtension streetsidesoftware.code-spell-checker {"startup":true,"extensionId":{"value":"streetsidesoftware.code-spell-checker-swedish","_lower":"streetsidesoftware.code-spell-checker-swedish"},"activationEvent":"*"}
[2020-01-31 20:35:48.345] [exthost] [info] ExtensionService#loadCommonJSModule file:///home/kj/.vscode-oss/extensions/streetsidesoftware.code-spell-checker-1.7.22/dist/extension
[2020-01-31 20:35:48.353] [exthost] [info] ExtensionService#_doActivateExtension vscodevim.vim {"startup":true,"extensionId":{"value":"vscodevim.vim","_lower":"vscodevim.vim"},"activationEvent":"*"}
[2020-01-31 20:35:48.353] [exthost] [info] ExtensionService#loadCommonJSModule file:///home/kj/.vscode-oss/extensions/vscodevim.vim-1.12.4/out/extension
[2020-01-31 20:35:48.507] [exthost] [info] ExtensionService#_doActivateExtension Zignd.html-css-class-completion {"startup":true,"extensionId":{"value":"Zignd.html-css-class-completion","_lower":"zignd.html-css-class-completion"},"activationEvent":"*"}
[2020-01-31 20:35:48.507] [exthost] [info] ExtensionService#loadCommonJSModule file:///home/kj/.vscode-oss/extensions/zignd.html-css-class-completion-1.19.0/out/src/extension
[2020-01-31 20:35:48.664] [exthost] [info] eager extensions activated
[2020-01-31 20:35:49.144] [exthost] [info] ExtensionService#_doActivateExtension streetsidesoftware.code-spell-checker-swedish {"startup":true,"extensionId":{"value":"streetsidesoftware.code-spell-checker-swedish","_lower":"streetsidesoftware.code-spell-checker-swedish"},"activationEvent":"*"}
[2020-01-31 20:35:49.144] [exthost] [info] ExtensionService#loadCommonJSModule file:///home/kj/.vscode-oss/extensions/streetsidesoftware.code-spell-checker-swedish-0.1.3/out/src/extension
[2020-01-31 20:37:42.746] [exthost] [info] ExtensionService#_doActivateExtension vscode.markdown-language-features {"startup":false,"extensionId":{"value":"vscode.markdown-language-features","_lower":"vscode.markdown-language-features"},"activationEvent":"onWebviewPanel:markdown.preview"}
[2020-01-31 20:37:42.747] [exthost] [info] ExtensionService#loadCommonJSModule file:///usr/share/vscodium-bin/resources/app/extensions/markdown-language-features/dist/extension
