[2020-01-30 13:33:31.272] [exthost] [info] extension host started
[2020-01-30 13:33:31.285] [exthost] [info] ExtensionService#_doActivateExtension vscode.debug-auto-launch {"startup":true,"extensionId":{"value":"vscode.debug-auto-launch","_lower":"vscode.debug-auto-launch"},"activationEvent":"*"}
[2020-01-30 13:33:31.285] [exthost] [info] ExtensionService#loadCommonJSModule file:///usr/share/vscodium-bin/resources/app/extensions/debug-auto-launch/dist/extension
[2020-01-30 13:33:31.286] [exthost] [info] ExtensionService#_doActivateExtension vscode.emmet {"startup":true,"extensionId":{"value":"vscode.emmet","_lower":"vscode.emmet"},"activationEvent":"*"}
[2020-01-30 13:33:31.286] [exthost] [info] ExtensionService#loadCommonJSModule file:///usr/share/vscodium-bin/resources/app/extensions/emmet/dist/extension
[2020-01-30 13:33:31.292] [exthost] [info] ExtensionService#_doActivateExtension vscode.git {"startup":true,"extensionId":{"value":"vscode.git","_lower":"vscode.git"},"activationEvent":"*"}
[2020-01-30 13:33:31.293] [exthost] [info] ExtensionService#loadCommonJSModule file:///usr/share/vscodium-bin/resources/app/extensions/git/dist/main
[2020-01-30 13:33:31.302] [exthost] [info] ExtensionService#_doActivateExtension vscode.merge-conflict {"startup":true,"extensionId":{"value":"vscode.merge-conflict","_lower":"vscode.merge-conflict"},"activationEvent":"*"}
[2020-01-30 13:33:31.302] [exthost] [info] ExtensionService#loadCommonJSModule file:///usr/share/vscodium-bin/resources/app/extensions/merge-conflict/dist/extension
[2020-01-30 13:33:31.303] [exthost] [info] ExtensionService#_doActivateExtension vscode.search-result {"startup":true,"extensionId":{"value":"vscode.search-result","_lower":"vscode.search-result"},"activationEvent":"*"}
[2020-01-30 13:33:31.303] [exthost] [info] ExtensionService#loadCommonJSModule file:///usr/share/vscodium-bin/resources/app/extensions/search-result/dist/extension.js
[2020-01-30 13:33:31.303] [exthost] [info] ExtensionService#_doActivateExtension HookyQR.beautify {"startup":true,"extensionId":{"value":"HookyQR.beautify","_lower":"hookyqr.beautify"},"activationEvent":"*"}
[2020-01-30 13:33:31.303] [exthost] [info] ExtensionService#loadCommonJSModule file:///home/kj/.vscode-oss/extensions/hookyqr.beautify-1.5.0/extension
[2020-01-30 13:33:31.319] [exthost] [info] ExtensionService#_doActivateExtension streetsidesoftware.code-spell-checker {"startup":true,"extensionId":{"value":"streetsidesoftware.code-spell-checker-swedish","_lower":"streetsidesoftware.code-spell-checker-swedish"},"activationEvent":"*"}
[2020-01-30 13:33:31.319] [exthost] [info] ExtensionService#loadCommonJSModule file:///home/kj/.vscode-oss/extensions/streetsidesoftware.code-spell-checker-1.7.22/dist/extension
[2020-01-30 13:33:31.327] [exthost] [info] ExtensionService#_doActivateExtension Zignd.html-css-class-completion {"startup":true,"extensionId":{"value":"Zignd.html-css-class-completion","_lower":"zignd.html-css-class-completion"},"activationEvent":"*"}
[2020-01-30 13:33:31.327] [exthost] [info] ExtensionService#loadCommonJSModule file:///home/kj/.vscode-oss/extensions/zignd.html-css-class-completion-1.19.0/out/src/extension
[2020-01-30 13:33:31.481] [exthost] [info] eager extensions activated
[2020-01-30 13:33:31.519] [exthost] [info] ExtensionService#_doActivateExtension streetsidesoftware.code-spell-checker-swedish {"startup":true,"extensionId":{"value":"streetsidesoftware.code-spell-checker-swedish","_lower":"streetsidesoftware.code-spell-checker-swedish"},"activationEvent":"*"}
[2020-01-30 13:33:31.519] [exthost] [info] ExtensionService#loadCommonJSModule file:///home/kj/.vscode-oss/extensions/streetsidesoftware.code-spell-checker-swedish-0.1.3/out/src/extension
